(base) silviumatu@Silvius-MacBook-Air TSS_proiect % coverage run --source=main -m unittest teste_functionale_agent_uman

...................
----------------------------------------------------------------------
Ran 19 tests in 0.001s

OK
(base) silviumatu@Silvius-MacBook-Air TSS_proiect % coverage report -m                                                 

Name      Stmts   Miss  Cover   Missing
---------------------------------------
main.py      56      1    98%   48
---------------------------------------
TOTAL        56      1    98%
(base) silviumatu@Silvius-MacBook-Air TSS_proiect % coverage run --source=main -m unittest teste_unitate_ChatGPT       

............F...F.....F....
======================================================================
FAIL: test_lista_de_un_singur_element (teste_unitate_ChatGPT.TestComparaSume.test_lista_de_un_singur_element)
----------------------------------------------------------------------
Traceback (most recent call last):
  File "/Users/silviumatu/Desktop/Code/Python/TSS_proiect/teste_unitate_ChatGPT.py", line 41, in test_lista_de_un_singur_element
    self.assertEqual(result, (0, 1))  # suma_pare = 0, suma_impare = 1
    ^^^^^^^^^^^^^^^^^^^^^^^^^^^^^^^^
AssertionError: Tuples differ: (1, 1) != (0, 1)

First differing element 0:
1
0

- (1, 1)
?  ^

+ (0, 1)
?  ^


======================================================================
FAIL: test_lista_numere_mixed (teste_unitate_ChatGPT.TestComparaSume.test_lista_numere_mixed)
----------------------------------------------------------------------
Traceback (most recent call last):
  File "/Users/silviumatu/Desktop/Code/Python/TSS_proiect/teste_unitate_ChatGPT.py", line 50, in test_lista_numere_mixed
    self.assertEqual(result, (0, 1))  # suma_impare = 1 + 3 = 4, suma_pare = -2 + -4 = -6
    ^^^^^^^^^^^^^^^^^^^^^^^^^^^^^^^^
AssertionError: Tuples differ: (4, 1) != (0, 1)

First differing element 0:
4
0

- (4, 1)
?  ^

+ (0, 1)
?  ^


======================================================================
FAIL: test_preturi_mixed (teste_unitate_ChatGPT.TestZiuaSaptamaniiCuProfitMaxim.test_preturi_mixed)
----------------------------------------------------------------------
Traceback (most recent call last):
  File "/Users/silviumatu/Desktop/Code/Python/TSS_proiect/teste_unitate_ChatGPT.py", line 134, in test_preturi_mixed
    self.assertEqual(result, ('Luni', 'Duminică', 40))  # Cumpărarea luni, vânzarea duminică, profit 40
    ^^^^^^^^^^^^^^^^^^^^^^^^^^^^^^^^^^^^^^^^^^^^^^^^^^
AssertionError: Tuples differ: ('Miercuri', 'Duminică', 45) != ('Luni', 'Duminică', 40)

First differing element 0:
'Miercuri'
'Luni'

- ('Miercuri', 'Duminică', 45)
?   ^^^^^ ^                 ^

+ ('Luni', 'Duminică', 40)
?   ^ ^                 ^


----------------------------------------------------------------------
Ran 27 tests in 0.002s

FAILED (failures=3)
(base) silviumatu@Silvius-MacBook-Air TSS_proiect % coverage run --source=main -m unittest teste_unitate_ChatTester

............................
----------------------------------------------------------------------
Ran 28 tests in 0.001s

OK
(base) silviumatu@Silvius-MacBook-Air TSS_proiect % coverage report -m                                             

Name      Stmts   Miss  Cover   Missing
---------------------------------------
main.py      56      1    98%   33
---------------------------------------
TOTAL        56      1    98%
(base) silviumatu@Silvius-MacBook-Air TSS_proiect % coverage run --branch --source=main -m unittest teste_functionale_agent_uman

...................
----------------------------------------------------------------------
Ran 19 tests in 0.001s

OK
(base) silviumatu@Silvius-MacBook-Air TSS_proiect % coverage report -m                                                          

Name      Stmts   Miss Branch BrPart  Cover   Missing
-----------------------------------------------------
main.py      56      1     36      1    98%   48
-----------------------------------------------------
TOTAL        56      1     36      1    98%
(base) silviumatu@Silvius-MacBook-Air TSS_proiect % coverage run --branch --source=main -m unittest teste_unitate_ChatTester    

............................
----------------------------------------------------------------------
Ran 28 tests in 0.001s

OK
(base) silviumatu@Silvius-MacBook-Air TSS_proiect % coverage report -m                                                      

Name      Stmts   Miss Branch BrPart  Cover   Missing
-----------------------------------------------------
main.py      56      1     36      1    98%   33
-----------------------------------------------------
TOTAL        56      1     36      1    98%
(base) silviumatu@Silvius-MacBook-Air TSS_proiect % 
